<?xml version="1.0" encoding="UTF-8"?>
<!-- Generated by org.testng.reporters.JUnitReportReporter -->
<testsuite hostname="DESKTOP-0G0LRH5" failures="0" tests="1" name="MavenProject.JenkinsTutorials.BasicCalculator" time="0.026" errors="0" timestamp="2023-11-08T19:51:08 IST" skipped="0">
  <testcase classname="MavenProject.JenkinsTutorials.BasicCalculator" name="sum" time="0.026"/>
</testsuite> <!-- MavenProject.JenkinsTutorials.BasicCalculator -->
