<?xml version="1.0" encoding="UTF-8"?>
<!-- Generated by org.testng.reporters.JUnitReportReporter -->
<testsuite hostname="DESKTOP-0G0LRH5" failures="0" tests="1" name="Utility.BasicCalculator" time="0.030" errors="0" timestamp="2023-11-09T08:42:18 IST" skipped="0">
  <testcase classname="Utility.BasicCalculator" name="sum" time="0.030"/>
</testsuite> <!-- Utility.BasicCalculator -->
