<?xml version="1.0" encoding="UTF-8"?>
<!-- Generated by org.testng.reporters.JUnitReportReporter -->
<testsuite hostname="DESKTOP-0G0LRH5" failures="0" tests="2" name="MavenProject.MavenTutorials.RedffLoginReg" time="0.026" errors="0" timestamp="2023-11-01T09:30:02 IST" skipped="0">
  <testcase classname="MavenProject.MavenTutorials.RedffLoginReg" name="regNew" time="0.024"/>
  <testcase classname="MavenProject.MavenTutorials.RedffLoginReg" name="regOld" time="0.002"/>
</testsuite> <!-- MavenProject.MavenTutorials.RedffLoginReg -->
