<?xml version="1.0" encoding="UTF-8"?>
<!-- Generated by org.testng.reporters.JUnitReportReporter -->
<testsuite hostname="DESKTOP-0G0LRH5" failures="0" tests="1" name="MavenProject.MavenTutorials.RediffLoginTest" time="57.580" errors="0" timestamp="2023-10-31T11:58:23 IST" skipped="0">
  <testcase classname="MavenProject.MavenTutorials.RediffLoginTest" name="validLogin" time="57.580"/>
</testsuite> <!-- MavenProject.MavenTutorials.RediffLoginTest -->
