<?xml version="1.0" encoding="UTF-8"?>
<!-- Generated by org.testng.reporters.JUnitReportReporter -->
<testsuite hostname="DESKTOP-0G0LRH5" failures="0" tests="1" name="MavenProject.MavenTutorials.OpenMultipleWebsites" time="174.568" errors="0" timestamp="2023-11-01T09:30:03 IST" skipped="0">
  <testcase classname="MavenProject.MavenTutorials.OpenMultipleWebsites" name="websiteLive" time="174.568"/>
</testsuite> <!-- MavenProject.MavenTutorials.OpenMultipleWebsites -->
