<?xml version="1.0" encoding="UTF-8"?>
<!-- Generated by org.testng.reporters.JUnitReportReporter -->
<testsuite hostname="DESKTOP-0G0LRH5" failures="0" tests="3" name="MavenProject.MavenTutorials.DemoTestNGAnnotations" time="0.029" errors="0" timestamp="2023-10-31T12:29:40 IST" skipped="0">
  <testcase classname="MavenProject.MavenTutorials.DemoTestNGAnnotations" name="fsecond" time="0.004"/>
  <testcase classname="MavenProject.MavenTutorials.DemoTestNGAnnotations" name="f" time="0.018"/>
  <testcase classname="MavenProject.MavenTutorials.DemoTestNGAnnotations" name="ffirst" time="0.007"/>
</testsuite> <!-- MavenProject.MavenTutorials.DemoTestNGAnnotations -->
