<?xml version="1.0" encoding="UTF-8"?>
<!-- Generated by org.testng.reporters.JUnitReportReporter -->
<testsuite hostname="DESKTOP-0G0LRH5" failures="0" tests="2" name="TestNGDTutorials.DataProviderOrangeHRM" time="92.510" errors="0" timestamp="2023-11-07T11:18:04 IST" skipped="0">
  <testcase classname="TestNGDTutorials.DataProviderOrangeHRM" name="validLogin" time="41.498"/>
  <testcase classname="TestNGDTutorials.DataProviderOrangeHRM" name="validLogin" time="51.012"/>
</testsuite> <!-- TestNGDTutorials.DataProviderOrangeHRM -->
