<?xml version="1.0" encoding="UTF-8"?>
<!-- Generated by org.testng.reporters.JUnitReportReporter -->
<testsuite hostname="DESKTOP-0G0LRH5" failures="0" tests="3" name="TestNGDTutorials.DemoTestNGAnnotations" time="0.021" errors="0" timestamp="2023-10-27T11:16:07 IST" skipped="0">
  <testcase classname="TestNGDTutorials.DemoTestNGAnnotations" name="fsecond" time="0.010"/>
  <testcase classname="TestNGDTutorials.DemoTestNGAnnotations" name="f" time="0.005"/>
  <testcase classname="TestNGDTutorials.DemoTestNGAnnotations" name="ffirst" time="0.006"/>
</testsuite> <!-- TestNGDTutorials.DemoTestNGAnnotations -->
