<?xml version="1.0" encoding="UTF-8"?>
<!-- Generated by org.testng.reporters.JUnitReportReporter -->
<testsuite hostname="DESKTOP-0G0LRH5" failures="0" tests="1" name="TestNGDTutorials.DemoGoogle" time="53.373" errors="0" timestamp="2023-10-28T10:10:28 IST" skipped="0">
  <testcase classname="TestNGDTutorials.DemoGoogle" name="googleTitle" time="53.373"/>
</testsuite> <!-- TestNGDTutorials.DemoGoogle -->
