<?xml version="1.0" encoding="UTF-8"?>
<!-- Generated by org.testng.reporters.JUnitReportReporter -->
<testsuite hostname="DESKTOP-0G0LRH5" failures="0" tests="3" name="TestNGDTutorials.RedffLoginReg" time="196.500" errors="0" timestamp="2023-10-28T11:05:07 IST" skipped="0">
  <testcase classname="TestNGDTutorials.RedffLoginReg" name="loginInvalid" time="82.265"/>
  <testcase classname="TestNGDTutorials.RedffLoginReg" name="loginInvalid" time="72.836"/>
  <testcase classname="TestNGDTutorials.RedffLoginReg" name="loginInvalid" time="41.399"/>
</testsuite> <!-- TestNGDTutorials.RedffLoginReg -->
