<?xml version="1.0" encoding="UTF-8"?>
<!-- Generated by org.testng.reporters.JUnitReportReporter -->
<testsuite hostname="DESKTOP-0G0LRH5" failures="0" tests="1" name="DemoPageFactory.RediffTestExecution" time="57.266" errors="0" timestamp="2023-11-06T11:27:12 IST" skipped="0">
  <testcase classname="DemoPageFactory.RediffTestExecution" name="TestExecution" time="57.266"/>
</testsuite> <!-- DemoPageFactory.RediffTestExecution -->
