<?xml version="1.0" encoding="UTF-8"?>
<!-- Generated by org.testng.reporters.JUnitReportReporter -->
<testsuite hostname="DESKTOP-0G0LRH5" failures="0" tests="2" name="TestNGDTutorials.DemoTestNGAllAnnotations" time="0.027" errors="0" timestamp="2023-11-08T12:09:13 IST" skipped="0">
  <testcase classname="TestNGDTutorials.DemoTestNGAllAnnotations" name="f" time="0.008"/>
  <testcase classname="TestNGDTutorials.DemoTestNGAllAnnotations" name="f" time="0.019"/>
</testsuite> <!-- TestNGDTutorials.DemoTestNGAllAnnotations -->
