<?xml version="1.0" encoding="UTF-8"?>
<!-- Generated by org.testng.reporters.JUnitReportReporter -->
<testsuite hostname="DESKTOP-0G0LRH5" failures="0" tests="1" name="MyBOM.RediffLoginTest" time="100.757" errors="0" timestamp="2023-10-28T11:38:05 IST" skipped="0">
  <testcase classname="MyBOM.RediffLoginTest" name="validLogin" time="100.757"/>
</testsuite> <!-- MyBOM.RediffLoginTest -->
