<?xml version="1.0" encoding="UTF-8"?>
<!-- Generated by org.testng.reporters.JUnitReportReporter -->
<testsuite hostname="DESKTOP-0G0LRH5" failures="0" tests="1" name="MyBOM.OrangeHRMLoginTest" time="38.434" errors="0" timestamp="2023-10-28T11:52:25 IST" skipped="0">
  <testcase classname="MyBOM.OrangeHRMLoginTest" name="validLogin" time="38.434"/>
</testsuite> <!-- MyBOM.OrangeHRMLoginTest -->
